\BOOKMARK [1][-]{section.1}{Spherical Stars}{}% 1
\BOOKMARK [2][-]{subsection.1.1}{Cold Stars}{section.1}% 2
\BOOKMARK [2][-]{subsection.1.2}{Spherical Symmetry}{section.1}% 3
\BOOKMARK [2][-]{subsection.1.3}{Time independence}{section.1}% 4
\BOOKMARK [2][-]{subsection.1.4}{Static, Spherically Symmetric Spacetimes}{section.1}% 5
\BOOKMARK [2][-]{subsection.1.5}{Tolman-Oppenheimer-Volkoff Equations}{section.1}% 6
\BOOKMARK [2][-]{subsection.1.6}{Outside the Star: Schwarzchild Solution}{section.1}% 7
\BOOKMARK [2][-]{subsection.1.7}{Inside the Star - the Interior Solution}{section.1}% 8
\BOOKMARK [2][-]{subsection.1.8}{Maximum Mass of a cold star}{section.1}% 9
\BOOKMARK [1][-]{section.2}{The Schwarzchild Solution}{}% 10
\BOOKMARK [2][-]{subsection.2.1}{Birkhoff's Theorem}{section.2}% 11
\BOOKMARK [2][-]{subsection.2.2}{Gravitational Redshift}{section.2}% 12
\BOOKMARK [2][-]{subsection.2.3}{Geodesics}{section.2}% 13
\BOOKMARK [2][-]{subsection.2.4}{Eddington Finkelstein Coordinates}{section.2}% 14
\BOOKMARK [2][-]{subsection.2.5}{The Black Hole Region}{section.2}% 15
\BOOKMARK [2][-]{subsection.2.6}{White Holes}{section.2}% 16
\BOOKMARK [2][-]{subsection.2.7}{The Kruskal Extension}{section.2}% 17
\BOOKMARK [2][-]{subsection.2.8}{Einstein Rosen Bridges}{section.2}% 18
\BOOKMARK [2][-]{subsection.2.9}{Extendibility}{section.2}% 19
\BOOKMARK [2][-]{subsection.2.10}{Singularities}{section.2}% 20
\BOOKMARK [1][-]{section.3}{The Initial Value Problem}{}% 21
\BOOKMARK [2][-]{subsection.3.1}{Predictability}{section.3}% 22
\BOOKMARK [2][-]{subsection.3.2}{Extrinsic Curvature}{section.3}% 23
\BOOKMARK [2][-]{subsection.3.3}{Gauss-Codecci equations}{section.3}% 24
\BOOKMARK [2][-]{subsection.3.4}{The Constraint Equations}{section.3}% 25
\BOOKMARK [2][-]{subsection.3.5}{The Schwarzchild Solution}{section.3}% 26
\BOOKMARK [3][-]{subsubsection.3.5.1}{Conserved quantities and Geodesics}{subsection.3.5}% 27
\BOOKMARK [3][-]{subsubsection.3.5.2}{Eddington-Finkelstein Coordinates}{subsection.3.5}% 28
\BOOKMARK [3][-]{subsubsection.3.5.3}{The Kruskal Extension}{subsection.3.5}% 29
\BOOKMARK [1][-]{section.4}{The formation of black holes}{}% 30
\BOOKMARK [1][-]{section.5}{Useful Identities in General Relativity for Black Holes}{}% 31
\BOOKMARK [2][-]{subsection.5.1}{Question 3}{section.5}% 32
\BOOKMARK [2][-]{subsection.5.2}{Question 4}{section.5}% 33
\BOOKMARK [2][-]{subsection.5.3}{Question 5}{section.5}% 34
\BOOKMARK [2][-]{subsection.5.4}{Question 7}{section.5}% 35
\BOOKMARK [2][-]{subsection.5.5}{Question 9}{section.5}% 36
\BOOKMARK [2][-]{subsection.5.6}{Question 10}{section.5}% 37
