\BOOKMARK [1][-]{section.1}{Useful resources}{}% 1
\BOOKMARK [1][-]{section.2}{Introduction}{}% 2
\BOOKMARK [1][-]{section.3}{Why Statistical Field Theory?}{}% 3
\BOOKMARK [2][-]{subsection.3.1}{Phase transitions and critical exponents}{section.3}% 4
\BOOKMARK [2][-]{subsection.3.2}{Universality}{section.3}% 5
\BOOKMARK [2][-]{subsection.3.3}{Explaining universality with the renormalization group flow}{section.3}% 6
\BOOKMARK [3][-]{subsubsection.3.3.1}{Fixed points}{subsection.3.3}% 7
\BOOKMARK [1][-]{section.4}{The Ising Model and Critical Exponents}{}% 8
\BOOKMARK [2][-]{subsection.4.1}{The problems with just mean-field theory}{section.4}% 9
\BOOKMARK [2][-]{subsection.4.2}{Setting up the Ising model}{section.4}% 10
\BOOKMARK [2][-]{subsection.4.3}{Reformulating the above in terms of free energy}{section.4}% 11
\BOOKMARK [3][-]{subsubsection.4.3.1}{Calculating our free energy via the mean field approximation.}{subsection.4.3}% 12
\BOOKMARK [2][-]{subsection.4.4}{Using the Landau approach}{section.4}% 13
\BOOKMARK [2][-]{subsection.4.5}{A Brief look at Universality}{section.4}% 14
\BOOKMARK [2][-]{subsection.4.6}{The Landau-Ginzburg approach}{section.4}% 15
\BOOKMARK [2][-]{subsection.4.7}{Domain Walls}{section.4}% 16
\BOOKMARK [1][-]{section.5}{Evaluating Path Integrals and Gaussian Path Integrals }{}% 17
\BOOKMARK [2][-]{subsection.5.1}{Correlation functions}{section.5}% 18
\BOOKMARK [2][-]{subsection.5.2}{Computing Gaussian Path Integrals}{section.5}% 19
\BOOKMARK [3][-]{subsubsection.5.2.1}{Our correlation function is just a Green's function}{subsection.5.2}% 20
\BOOKMARK [3][-]{subsubsection.5.2.2}{An aside on functional integrals}{subsection.5.2}% 21
\BOOKMARK [3][-]{subsubsection.5.2.3}{Evaluating our Green's function}{subsection.5.2}% 22
\BOOKMARK [1][-]{section.6}{Green's functions}{}% 23
\BOOKMARK [2][-]{subsection.6.1}{Connection to Susceptibility}{section.6}% 24
\BOOKMARK [2][-]{subsection.6.2}{Critical exponents}{section.6}% 25
\BOOKMARK [3][-]{subsubsection.6.2.1}{Upper critical dimension}{subsection.6.2}% 26
\BOOKMARK [3][-]{subsubsection.6.2.2}{Translating to Quantum Field Theory}{subsection.6.2}% 27
\BOOKMARK [1][-]{section.7}{The Renormalisation Group}{}% 28
\BOOKMARK [2][-]{subsection.7.1}{Basic Introduction}{section.7}% 29
\BOOKMARK [2][-]{subsection.7.2}{Flowing to the 'IR' \(long distances\)}{section.7}% 30
\BOOKMARK [2][-]{subsection.7.3}{A Second Look at Universality}{section.7}% 31
\BOOKMARK [3][-]{subsubsection.7.3.1}{The Ising model}{subsection.7.3}% 32
\BOOKMARK [2][-]{subsection.7.4}{Classifying fixed points}{section.7}% 33
\BOOKMARK [2][-]{subsection.7.5}{Scaling}{section.7}% 34
\BOOKMARK [2][-]{subsection.7.6}{Relation to critical exponents}{section.7}% 35
\BOOKMARK [2][-]{subsection.7.7}{Relevant, Irrelevant or Marginal?}{section.7}% 36
\BOOKMARK [2][-]{subsection.7.8}{The Gaussian fixed point}{section.7}% 37
\BOOKMARK [3][-]{subsubsection.7.8.1}{Expanding around the Gaussian fixed point}{subsection.7.8}% 38
\BOOKMARK [3][-]{subsubsection.7.8.2}{A remark on 'tuning' to remain at a fixed point}{subsection.7.8}% 39
\BOOKMARK [3][-]{subsubsection.7.8.3}{ \040Z \0402 \040Symmetry breaking }{subsection.7.8}% 40
\BOOKMARK [2][-]{subsection.7.9}{Renormalisation with Interacting Fields}{section.7}% 41
\BOOKMARK [3][-]{subsubsection.7.9.1}{A quick review of finding the effective free energy}{subsection.7.9}% 42
\BOOKMARK [3][-]{subsubsection.7.9.2}{Logarithmic expansion of the Interaction Term}{subsection.7.9}% 43
\BOOKMARK [3][-]{subsubsection.7.9.3}{Computing moments of the Interaction Free energy}{subsection.7.9}% 44
\BOOKMARK [3][-]{subsubsection.7.9.4}{Second order corrections}{subsection.7.9}% 45
\BOOKMARK [2][-]{subsection.7.10}{Applying Wick's thoerem for the Free Energy}{section.7}% 46
\BOOKMARK [2][-]{subsection.7.11}{Feynman Diagrams}{section.7}% 47
\BOOKMARK [2][-]{subsection.7.12}{ \040- functions}{section.7}% 48
\BOOKMARK [2][-]{subsection.7.13}{ \040Expansions}{section.7}% 49
\BOOKMARK [3][-]{subsubsection.7.13.1}{Wilson-Fisher Fixed Point}{subsection.7.13}% 50
\BOOKMARK [3][-]{subsubsection.7.13.2}{Revisiting critical exponents}{subsection.7.13}% 51
\BOOKMARK [1][-]{section.8}{Continuous Symmetries}{}% 52
\BOOKMARK [2][-]{subsection.8.1}{ O \( n \) \040modes}{section.8}% 53
\BOOKMARK [3][-]{subsubsection.8.1.1}{XY - Models}{subsection.8.1}% 54
\BOOKMARK [2][-]{subsection.8.2}{Goldstone modes}{section.8}% 55
\BOOKMARK [3][-]{subsubsection.8.2.1}{Symmetry and Goldstone Bosons}{subsection.8.2}% 56
\BOOKMARK [3][-]{subsubsection.8.2.2}{Critical Exponents}{subsection.8.2}% 57
\BOOKMARK [3][-]{subsubsection.8.2.3}{RG in the \040O \( n \) \040model}{subsection.8.2}% 58
\BOOKMARK [3][-]{subsubsection.8.2.4}{Epsilon expansion}{subsection.8.2}% 59
\BOOKMARK [2][-]{subsection.8.3}{Goldstone Bosons in \040d = 2 }{section.8}% 60
\BOOKMARK [3][-]{subsubsection.8.3.1}{ \040models}{subsection.8.3}% 61
\BOOKMARK [3][-]{subsubsection.8.3.2}{Background Field Method}{subsection.8.3}% 62
\BOOKMARK [3][-]{subsubsection.8.3.3}{Path Integral}{subsection.8.3}% 63
\BOOKMARK [2][-]{subsection.8.4}{Asymptotic freedom and \040d = 2 + \040}{section.8}% 64
\BOOKMARK [3][-]{subsubsection.8.4.1}{Critical Exponents}{subsection.8.4}% 65
\BOOKMARK [3][-]{subsubsection.8.4.2}{The Kosterlitz-Thouless Transition for \040N = 2 , d = 2 }{subsection.8.4}% 66
\BOOKMARK [3][-]{subsubsection.8.4.3}{Vortices}{subsection.8.4}% 67
\BOOKMARK [1][-]{section.9}{Example Sheet 1}{}% 68
\BOOKMARK [2][-]{subsection.9.1}{Question 1}{section.9}% 69
\BOOKMARK [2][-]{subsection.9.2}{Question 2}{section.9}% 70
\BOOKMARK [2][-]{subsection.9.3}{Question 3}{section.9}% 71
\BOOKMARK [2][-]{subsection.9.4}{Question 4}{section.9}% 72
\BOOKMARK [2][-]{subsection.9.5}{Question 5}{section.9}% 73
\BOOKMARK [2][-]{subsection.9.6}{Question 5}{section.9}% 74
\BOOKMARK [2][-]{subsection.9.7}{Question 7}{section.9}% 75
\BOOKMARK [2][-]{subsection.9.8}{Techniques in Statistical Field Theory}{section.9}% 76
\BOOKMARK [3][-]{subsubsection.9.8.1}{Thinking about scaling}{subsection.9.8}% 77
\BOOKMARK [3][-]{subsubsection.9.8.2}{Terms in our free energy}{subsection.9.8}% 78
\BOOKMARK [2][-]{subsection.9.9}{Wick's Theorem}{section.9}% 79
