\BOOKMARK [1][-]{section.1}{Starting off with non-relativistic particles}{}% 1
\BOOKMARK [2][-]{subsection.1.1}{Exploring different Lagrangians}{section.1}% 2
\BOOKMARK [1][-]{section.2}{Special relativity}{}% 3
\BOOKMARK [1][-]{section.3}{Introducing Differential Geometry for General Relativity}{}% 4
\BOOKMARK [2][-]{subsection.3.1}{Tangent vectors}{section.3}% 5
\BOOKMARK [2][-]{subsection.3.2}{Treating tangent vectors as derivatives of curves on the manifold}{section.3}% 6
\BOOKMARK [2][-]{subsection.3.3}{Vector fields}{section.3}% 7
\BOOKMARK [2][-]{subsection.3.4}{Integral curves}{section.3}% 8
\BOOKMARK [2][-]{subsection.3.5}{Differentiating vector fields with respect to other vector fields}{section.3}% 9
\BOOKMARK [3][-]{subsubsection.3.5.1}{Push-forwards and Pull-backs}{subsection.3.5}% 10
\BOOKMARK [3][-]{subsubsection.3.5.2}{Components for Push-forwards and Pull-backs}{subsection.3.5}% 11
\BOOKMARK [3][-]{subsubsection.3.5.3}{Introducing the Lie derivative}{subsection.3.5}% 12
\BOOKMARK [1][-]{section.4}{Tensors}{}% 13
\BOOKMARK [2][-]{subsection.4.1}{A note about dual spaces}{section.4}% 14
\BOOKMARK [3][-]{subsubsection.4.1.1}{Vector and Covector spaces}{subsection.4.1}% 15
\BOOKMARK [2][-]{subsection.4.2}{Taking the Lie Derivative of Covectors}{section.4}% 16
\BOOKMARK [2][-]{subsection.4.3}{Tensor fields}{section.4}% 17
\BOOKMARK [2][-]{subsection.4.4}{Differential forms}{section.4}% 18
\BOOKMARK [3][-]{subsubsection.4.4.1}{Wedge products}{subsection.4.4}% 19
\BOOKMARK [3][-]{subsubsection.4.4.2}{Properties of wedge products}{subsection.4.4}% 20
\BOOKMARK [2][-]{subsection.4.5}{The exterior derivative}{section.4}% 21
\BOOKMARK [3][-]{subsubsection.4.5.1}{Examples}{subsection.4.5}% 22
\BOOKMARK [2][-]{subsection.4.6}{Integration}{section.4}% 23
\BOOKMARK [3][-]{subsubsection.4.6.1}{Integrating over submanifolds}{subsection.4.6}% 24
\BOOKMARK [3][-]{subsubsection.4.6.2}{Stokes' theorem}{subsection.4.6}% 25
\BOOKMARK [1][-]{section.5}{Introducing Riemannian Geometry}{}% 26
\BOOKMARK [2][-]{subsection.5.1}{ The metric}{section.5}% 27
\BOOKMARK [3][-]{subsubsection.5.1.1}{Riemannian Manifolds}{subsection.5.1}% 28
\BOOKMARK [3][-]{subsubsection.5.1.2}{Riemannian Geometry}{subsection.5.1}% 29
\BOOKMARK [3][-]{subsubsection.5.1.3}{The Joys of a metric}{subsection.5.1}% 30
\BOOKMARK [2][-]{subsection.5.2}{Connections and Curvature}{section.5}% 31
\BOOKMARK [2][-]{subsection.5.3}{The Levi-Civita Connection}{section.5}% 32
\BOOKMARK [3][-]{subsubsection.5.3.1}{The Divergence Theorem}{subsection.5.3}% 33
\BOOKMARK [2][-]{subsection.5.4}{Parallel Transport}{section.5}% 34
\BOOKMARK [3][-]{subsubsection.5.4.1}{Geodesics}{subsection.5.4}% 35
\BOOKMARK [2][-]{subsection.5.5}{Normal coordinates}{section.5}% 36
\BOOKMARK [3][-]{subsubsection.5.5.1}{Constructing Normal Coordinates}{subsection.5.5}% 37
\BOOKMARK [2][-]{subsection.5.6}{Path Deviations and Curvature}{section.5}% 38
\BOOKMARK [2][-]{subsection.5.7}{Derived tensors from the Riemann Tensor}{section.5}% 39
\BOOKMARK [2][-]{subsection.5.8}{Connection 1-forms}{section.5}% 40
\BOOKMARK [1][-]{section.6}{The Einstein Equations}{}% 41
\BOOKMARK [2][-]{subsubsection.6.0.1}{The Einstein-Hilbert Action}{section.6}% 42
\BOOKMARK [3][-]{subsubsection.6.0.2}{Dimensional analysis}{subsubsection.6.0.1}% 43
\BOOKMARK [3][-]{subsubsection.6.0.3}{The Cosmological Constant}{subsubsection.6.0.1}% 44
\BOOKMARK [2][-]{subsection.6.1}{Diffeomorphisms Revisited}{section.6}% 45
\BOOKMARK [2][-]{subsection.6.2}{Some simple solutions}{section.6}% 46
\BOOKMARK [3][-]{subsubsection.6.2.1}{De Sitter Spacetime}{subsection.6.2}% 47
\BOOKMARK [3][-]{subsubsection.6.2.2}{Anti de-Sitter Space-time}{subsection.6.2}% 48
\BOOKMARK [2][-]{subsection.6.3}{Symmetries}{section.6}% 49
\BOOKMARK [3][-]{subsubsection.6.3.1}{More examples}{subsection.6.3}% 50
\BOOKMARK [2][-]{subsection.6.4}{Conserved quantities}{section.6}% 51
\BOOKMARK [2][-]{subsection.6.5}{Asymptotics of Spacetime}{section.6}% 52
\BOOKMARK [3][-]{subsubsection.6.5.1}{Penrose Diagrams}{subsection.6.5}% 53
\BOOKMARK [3][-]{subsubsection.6.5.2}{4 dimensional Minkowski space}{subsection.6.5}% 54
\BOOKMARK [3][-]{subsubsection.6.5.3}{de Sitter}{subsection.6.5}% 55
\BOOKMARK [1][-]{section.7}{Coupling to matter}{}% 56
\BOOKMARK [2][-]{subsection.7.1}{Energy Conservation}{section.7}% 57
\BOOKMARK [3][-]{subsubsection.7.1.1}{A foray into conservation in Electromagnetism}{subsection.7.1}% 58
\BOOKMARK [1][-]{section.8}{When Gravity is weak}{}% 59
\BOOKMARK [2][-]{subsection.8.1}{Linearised theory}{section.8}% 60
\BOOKMARK [3][-]{subsubsection.8.1.1}{The Fierz-Pauli Action}{subsection.8.1}% 61
\BOOKMARK [3][-]{subsubsection.8.1.2}{Gauge Symmetries}{subsection.8.1}% 62
\BOOKMARK [2][-]{subsection.8.2}{The Newtonian Limit}{section.8}% 63
\BOOKMARK [2][-]{subsection.8.3}{Gravitational Waves}{section.8}% 64
\BOOKMARK [2][-]{subsection.8.4}{Measuring gravitational waves}{section.8}% 65
\BOOKMARK [2][-]{subsection.8.5}{Making Waves}{section.8}% 66
\BOOKMARK [2][-]{subsection.8.6}{Power Radiated}{section.8}% 67
\BOOKMARK [2][-]{subsection.8.7}{Summary}{section.8}% 68
\BOOKMARK [3][-]{subsubsection.8.7.1}{Gauge symmetries in linearised theory}{subsection.8.7}% 69
\BOOKMARK [3][-]{subsubsection.8.7.2}{Gravitational wave solutions and polarisations}{subsection.8.7}% 70
\BOOKMARK [3][-]{subsubsection.8.7.3}{Gravitational waves from a source}{subsection.8.7}% 71
\BOOKMARK [1][-]{section.9}{Example Sheet 1}{}% 72
\BOOKMARK [2][-]{subsection.9.1}{Question 1}{section.9}% 73
\BOOKMARK [2][-]{subsection.9.2}{Question 2}{section.9}% 74
\BOOKMARK [2][-]{subsection.9.3}{Question 3}{section.9}% 75
\BOOKMARK [2][-]{subsection.9.4}{Question 5}{section.9}% 76
\BOOKMARK [2][-]{subsection.9.5}{Question 6}{section.9}% 77
\BOOKMARK [2][-]{subsection.9.6}{Question 7}{section.9}% 78
\BOOKMARK [2][-]{subsection.9.7}{Question 8}{section.9}% 79
\BOOKMARK [2][-]{subsection.9.8}{Question 9}{section.9}% 80
\BOOKMARK [2][-]{subsection.9.9}{Question 10}{section.9}% 81
\BOOKMARK [2][-]{subsection.9.10}{Question 11}{section.9}% 82
\BOOKMARK [1][-]{section.10}{Example Sheet 2}{}% 83
\BOOKMARK [1][-]{section.11}{Example Sheet 4}{}% 84
\BOOKMARK [2][-]{subsection.11.1}{Question 1}{section.11}% 85
\BOOKMARK [2][-]{subsection.11.2}{Question 2}{section.11}% 86
\BOOKMARK [2][-]{subsection.11.3}{Question 3}{section.11}% 87
\BOOKMARK [3][-]{subsubsection.11.3.1}{First part}{subsection.11.3}% 88
\BOOKMARK [3][-]{subsubsection.11.3.2}{Second Part}{subsection.11.3}% 89
\BOOKMARK [2][-]{subsection.11.4}{Question 4}{section.11}% 90
\BOOKMARK [3][-]{subsubsection.11.4.1}{Deriving the Linearised Einstein Hilbert action}{subsection.11.4}% 91
\BOOKMARK [2][-]{subsection.11.5}{Question 5}{section.11}% 92
\BOOKMARK [1][-]{section.12}{Question 6}{}% 93
\BOOKMARK [1][-]{section.13}{Problem Solving Tips}{}% 94
\BOOKMARK [2][-]{subsection.13.1}{Being careful about how we expand things}{section.13}% 95
\BOOKMARK [2][-]{subsection.13.2}{Tricks in the Levi-Civita connection}{section.13}% 96
\BOOKMARK [2][-]{subsection.13.3}{Integrating over volume forms}{section.13}% 97
\BOOKMARK [2][-]{subsection.13.4}{Showing that magnitude is constant}{section.13}% 98
\BOOKMARK [2][-]{subsection.13.5}{Symmetries of the Riemann Tensor}{section.13}% 99
\BOOKMARK [2][-]{subsection.13.6}{General techniques}{section.13}% 100
