\BOOKMARK [1][-]{section.1}{Starting off with non-relativistic particles}{}% 1
\BOOKMARK [2][-]{subsection.1.1}{Exploring different Lagrangians}{section.1}% 2
\BOOKMARK [1][-]{section.2}{Special relativity}{}% 3
\BOOKMARK [1][-]{section.3}{Introducing Differential Geometry for General Relativity}{}% 4
\BOOKMARK [2][-]{subsection.3.1}{Tangent vectors}{section.3}% 5
\BOOKMARK [2][-]{subsection.3.2}{Treating tangent vectors as derivatives of curves on the manifold}{section.3}% 6
\BOOKMARK [2][-]{subsection.3.3}{Vector fields}{section.3}% 7
\BOOKMARK [2][-]{subsection.3.4}{Integral curves}{section.3}% 8
\BOOKMARK [2][-]{subsection.3.5}{Differentiating vector fields with respect to other vector fields}{section.3}% 9
\BOOKMARK [3][-]{subsubsection.3.5.1}{Push-forwards and Pull-backs}{subsection.3.5}% 10
\BOOKMARK [3][-]{subsubsection.3.5.2}{Components for Push-forwards and Pull-backs}{subsection.3.5}% 11
\BOOKMARK [3][-]{subsubsection.3.5.3}{Introducing the Lie derivative}{subsection.3.5}% 12
\BOOKMARK [1][-]{section.4}{Tensors}{}% 13
\BOOKMARK [2][-]{subsection.4.1}{A note about dual spaces}{section.4}% 14
\BOOKMARK [3][-]{subsubsection.4.1.1}{Vector and Covector spaces}{subsection.4.1}% 15
\BOOKMARK [2][-]{subsection.4.2}{Taking the Lie Derivative of Covectors}{section.4}% 16
\BOOKMARK [2][-]{subsection.4.3}{Tensor fields}{section.4}% 17
\BOOKMARK [2][-]{subsection.4.4}{Differential forms}{section.4}% 18
\BOOKMARK [3][-]{subsubsection.4.4.1}{Wedge products}{subsection.4.4}% 19
\BOOKMARK [3][-]{subsubsection.4.4.2}{Properties of wedge products}{subsection.4.4}% 20
\BOOKMARK [2][-]{subsection.4.5}{The exterior derivative}{section.4}% 21
\BOOKMARK [3][-]{subsubsection.4.5.1}{Examples}{subsection.4.5}% 22
\BOOKMARK [2][-]{subsection.4.6}{Integration}{section.4}% 23
\BOOKMARK [3][-]{subsubsection.4.6.1}{Integrating over submanifolds}{subsection.4.6}% 24
\BOOKMARK [3][-]{subsubsection.4.6.2}{Stokes' theorem}{subsection.4.6}% 25
\BOOKMARK [1][-]{section.5}{Introducing Riemannian Geometry}{}% 26
\BOOKMARK [2][-]{subsection.5.1}{ The metric}{section.5}% 27
\BOOKMARK [3][-]{subsubsection.5.1.1}{Riemannian Manifolds}{subsection.5.1}% 28
\BOOKMARK [3][-]{subsubsection.5.1.2}{Riemannian Geometry}{subsection.5.1}% 29
\BOOKMARK [3][-]{subsubsection.5.1.3}{The Joys of a metric}{subsection.5.1}% 30
\BOOKMARK [2][-]{subsection.5.2}{Connections and Curvature}{section.5}% 31
\BOOKMARK [2][-]{subsection.5.3}{The Levi-Civita Connection}{section.5}% 32
\BOOKMARK [3][-]{subsubsection.5.3.1}{The Divergence Theorem}{subsection.5.3}% 33
\BOOKMARK [1][-]{section.6}{Example Sheet 1}{}% 34
\BOOKMARK [2][-]{subsection.6.1}{Question 1}{section.6}% 35
\BOOKMARK [2][-]{subsection.6.2}{Question 2}{section.6}% 36
\BOOKMARK [2][-]{subsection.6.3}{Question 3}{section.6}% 37
\BOOKMARK [2][-]{subsection.6.4}{Question 5}{section.6}% 38
\BOOKMARK [2][-]{subsection.6.5}{Question 6}{section.6}% 39
\BOOKMARK [2][-]{subsection.6.6}{Question 7}{section.6}% 40
\BOOKMARK [2][-]{subsection.6.7}{Question 8}{section.6}% 41
\BOOKMARK [2][-]{subsection.6.8}{Question 9}{section.6}% 42
\BOOKMARK [2][-]{subsection.6.9}{Question 10}{section.6}% 43
\BOOKMARK [2][-]{subsection.6.10}{Question 11}{section.6}% 44
\BOOKMARK [1][-]{section.7}{Example Sheet 4}{}% 45
\BOOKMARK [2][-]{subsection.7.1}{Question 2}{section.7}% 46
\BOOKMARK [2][-]{subsection.7.2}{Question 3}{section.7}% 47
\BOOKMARK [3][-]{subsubsection.7.2.1}{First part}{subsection.7.2}% 48
\BOOKMARK [3][-]{subsubsection.7.2.2}{Second Part}{subsection.7.2}% 49
\BOOKMARK [2][-]{subsection.7.3}{Question 4}{section.7}% 50
\BOOKMARK [3][-]{subsubsection.7.3.1}{Deriving the Linearised Einstein Hilbert action}{subsection.7.3}% 51
